<?xml version="1.0" encoding="UTF-8"?>
<!-- Generated by org.testng.reporters.JUnitReportReporter -->
<testsuite hostname="Prakat-L005" name="Dalrada.Nickandgs.TC_001Reservation" tests="1" failures="0" timestamp="24 Jan 2020 05:39:58 GMT" time="18.944" errors="0">
  <testcase name="LoginTest" time="18.944" classname="Dalrada.Nickandgs.TC_001Reservation"/>
</testsuite> <!-- Dalrada.Nickandgs.TC_001Reservation -->
