<?xml version="1.0" encoding="UTF-8"?>
<!-- Generated by org.testng.reporters.JUnitReportReporter -->
<testsuite hostname="Prakat-L005" name="Dalrada.Nickandgs.TC_002" tests="1" failures="0" timestamp="21 Jan 2020 09:21:13 GMT" time="20.782" errors="0">
  <testcase name="order" time="20.782" classname="Dalrada.Nickandgs.TC_002"/>
</testsuite> <!-- Dalrada.Nickandgs.TC_002 -->
